<?xml version="1.0" encoding="UTF-8"?>
<testng-results ignored="0" total="1" passed="1" failed="0" skipped="0">
  <reporter-output>
  </reporter-output>
  <suite started-at="2024-07-28T13:03:09 IST" name="Suite" finished-at="2024-07-28T13:03:22 IST" duration-ms="13232">
    <groups>
    </groups>
    <test started-at="2024-07-28T13:03:09 IST" name="Test" finished-at="2024-07-28T13:03:22 IST" duration-ms="13232">
      <class name="pageobjectmodel.LoginTest">
        <test-method is-config="true" signature="setup()[pri:0, instance:pageobjectmodel.LoginTest@3c77d488]" started-at="2024-07-28T13:03:09 IST" name="setup" finished-at="2024-07-28T13:03:20 IST" duration-ms="10576" status="PASS">
          <reporter-output>
          </reporter-output>
        </test-method> <!-- setup -->
        <test-method signature="testLogin()[pri:0, instance:pageobjectmodel.LoginTest@3c77d488]" started-at="2024-07-28T13:03:20 IST" name="testLogin" finished-at="2024-07-28T13:03:22 IST" duration-ms="2266" status="PASS">
          <reporter-output>
          </reporter-output>
        </test-method> <!-- testLogin -->
        <test-method is-config="true" signature="tearDown()[pri:0, instance:pageobjectmodel.LoginTest@3c77d488]" started-at="2024-07-28T13:03:22 IST" name="tearDown" finished-at="2024-07-28T13:03:22 IST" duration-ms="319" status="PASS">
          <reporter-output>
          </reporter-output>
        </test-method> <!-- tearDown -->
      </class> <!-- pageobjectmodel.LoginTest -->
    </test> <!-- Test -->
  </suite> <!-- Suite -->
</testng-results>
